#
# There is insufficient memory for the Java Runtime Environment to continue.
# Native memory allocation (malloc) failed to allocate 32744 bytes. Error detail: Chunk::new
# Possible reasons:
#   The system is out of physical RAM or swap space
#   This process is running with CompressedOops enabled, and the Java Heap may be blocking the growth of the native heap
# Possible solutions:
#   Reduce memory load on the system
#   Increase physical memory or swap space
#   Check if swap backing store is full
#   Decrease Java heap size (-Xmx/-Xms)
#   Decrease number of Java threads
#   Decrease Java thread stack sizes (-Xss)
#   Set larger code cache with -XX:ReservedCodeCacheSize=
#   JVM is running with Unscaled Compressed Oops mode in which the Java heap is
#     placed in the first 4GB address space. The Java Heap base address is the
#     maximum limit for the native heap growth. Please use -XX:HeapBaseMinAddress
#     to set the Java Heap base and to place the Java Heap above 4GB virtual address.
# This output file may be truncated or incomplete.
#
#  Out of Memory Error (arena.cpp:168), pid=20836, tid=25584
#
# JRE version: OpenJDK Runtime Environment Temurin-21.0.8+9 (21.0.8+9) (build 21.0.8+9-LTS)
# Java VM: OpenJDK 64-Bit Server VM Temurin-21.0.8+9 (21.0.8+9-LTS, mixed mode, sharing, tiered, compressed oops, compressed class ptrs, parallel gc, windows-amd64)
# No core dump will be written. Minidumps are not enabled by default on client versions of Windows
#

---------------  S U M M A R Y ------------

Command Line: --add-modules=ALL-SYSTEM --add-opens=java.base/java.util=ALL-UNNAMED --add-opens=java.base/java.lang=ALL-UNNAMED --add-opens=java.base/sun.nio.fs=ALL-UNNAMED -Declipse.application=org.eclipse.jdt.ls.core.id1 -Dosgi.bundles.defaultStartLevel=4 -Declipse.product=org.eclipse.jdt.ls.core.product -Djava.import.generatesMetadataFilesAtProjectRoot=false -DDetectVMInstallationsJob.disabled=true -Dfile.encoding=utf8 -XX:+UseParallelGC -XX:GCTimeRatio=4 -XX:AdaptiveSizePolicyWeight=90 -Dsun.zip.disableMemoryMapping=true -Xmx2G -Xms100m -Xlog:disable -javaagent:c:\Users\Attay e Rasool\.vscode\extensions\redhat.java-1.46.0-win32-x64\lombok\lombok-1.18.39-4050.jar -XX:+HeapDumpOnOutOfMemoryError -XX:HeapDumpPath=c:\Users\Attay e Rasool\AppData\Roaming\Code\User\workspaceStorage\69a268bd1780d7624e92815446c72e55\redhat.java -Daether.dependencyCollector.impl=bf c:\Users\Attay e Rasool\.vscode\extensions\redhat.java-1.46.0-win32-x64\server\plugins\org.eclipse.equinox.launcher_1.7.0.v20250519-0528.jar -configuration c:\Users\Attay e Rasool\AppData\Roaming\Code\User\globalStorage\redhat.java\1.46.0\config_win -data c:\Users\Attay e Rasool\AppData\Roaming\Code\User\workspaceStorage\69a268bd1780d7624e92815446c72e55\redhat.java\jdt_ws --pipe=\\.\pipe\lsp-dccefa7bcb7cca7e23561465399f4208-sock

Host: Intel(R) Core(TM) i7-8665U CPU @ 1.90GHz, 8 cores, 15G,  Windows 11 , 64 bit Build 22621 (10.0.22621.5415)
Time: Sat Oct 25 23:28:37 2025 Pakistan Standard Time elapsed time: 0.142577 seconds (0d 0h 0m 0s)

---------------  T H R E A D  ---------------

Current thread (0x000001fc7957b1e0):  JavaThread "C1 CompilerThread0" daemon [_thread_in_native, id=25584, stack(0x000000326ee00000,0x000000326ef00000) (1024K)]


Current CompileTask:
C1:142   19       3       java.util.ImmutableCollections$AbstractImmutableSet::<init> (5 bytes)

Stack: [0x000000326ee00000,0x000000326ef00000]
Native frames: (J=compiled Java code, j=interpreted, Vv=VM code, C=native code)
V  [jvm.dll+0x6d2449]
V  [jvm.dll+0x8ae341]
V  [jvm.dll+0x8b08be]
V  [jvm.dll+0x8b0fa3]
V  [jvm.dll+0x280c96]
V  [jvm.dll+0xc581d]
V  [jvm.dll+0xc5d53]
V  [jvm.dll+0xd178d]
V  [jvm.dll+0x17f3c4]
V  [jvm.dll+0x17dc0e]
V  [jvm.dll+0x16bd80]
V  [jvm.dll+0x154b67]
V  [jvm.dll+0x154438]
V  [jvm.dll+0x154684]
V  [jvm.dll+0x153ab6]
V  [jvm.dll+0x15588d]
V  [jvm.dll+0x257d4d]
V  [jvm.dll+0x2562ea]
V  [jvm.dll+0x3f2d16]
V  [jvm.dll+0x857e6b]
V  [jvm.dll+0x6d0b0d]
C  [ucrtbase.dll+0x29333]
C  [KERNEL32.DLL+0x1259d]
C  [ntdll.dll+0x5af78]


---------------  P R O C E S S  ---------------

Threads class SMR info:
_java_thread_list=0x000001fc795feee0, length=10, elements={
0x000001fc2022afe0, 0x000001fc36c8db40, 0x000001fc36c90350, 0x000001fc36c91eb0,
0x000001fc36c953f0, 0x000001fc36c970d0, 0x000001fc36c97b20, 0x000001fc36c988a0,
0x000001fc7957b1e0, 0x000001fc795e64c0
}

Java Threads: ( => current thread )
  0x000001fc2022afe0 JavaThread "main"                              [_thread_in_vm, id=43244, stack(0x000000326e300000,0x000000326e400000) (1024K)]
  0x000001fc36c8db40 JavaThread "Reference Handler"          daemon [_thread_blocked, id=22240, stack(0x000000326e700000,0x000000326e800000) (1024K)]
  0x000001fc36c90350 JavaThread "Finalizer"                  daemon [_thread_blocked, id=12588, stack(0x000000326e800000,0x000000326e900000) (1024K)]
  0x000001fc36c91eb0 JavaThread "Signal Dispatcher"          daemon [_thread_blocked, id=10980, stack(0x000000326e900000,0x000000326ea00000) (1024K)]
  0x000001fc36c953f0 JavaThread "Attach Listener"            daemon [_thread_blocked, id=25164, stack(0x000000326ea00000,0x000000326eb00000) (1024K)]
  0x000001fc36c970d0 JavaThread "Service Thread"             daemon [_thread_blocked, id=51280, stack(0x000000326eb00000,0x000000326ec00000) (1024K)]
  0x000001fc36c97b20 JavaThread "Monitor Deflation Thread"   daemon [_thread_blocked, id=29968, stack(0x000000326ec00000,0x000000326ed00000) (1024K)]
  0x000001fc36c988a0 JavaThread "C2 CompilerThread0"         daemon [_thread_blocked, id=48360, stack(0x000000326ed00000,0x000000326ee00000) (1024K)]
=>0x000001fc7957b1e0 JavaThread "C1 CompilerThread0"         daemon [_thread_in_native, id=25584, stack(0x000000326ee00000,0x000000326ef00000) (1024K)]
  0x000001fc795e64c0 JavaThread "Common-Cleaner"             daemon [_thread_blocked, id=1364, stack(0x000000326ef00000,0x000000326f000000) (1024K)]
Total: 10

Other Threads:
  0x000001fc202ee850 VMThread "VM Thread"                           [id=10220, stack(0x000000326e600000,0x000000326e700000) (1024K)]
  0x000001fc2029b310 WatcherThread "VM Periodic Task Thread"        [id=50580, stack(0x000000326e500000,0x000000326e600000) (1024K)]
  0x000001fc2024aa10 WorkerThread "GC Thread#0"                     [id=7752, stack(0x000000326e400000,0x000000326e500000) (1024K)]
Total: 3

Threads with active compile tasks:
C1 CompilerThread0  169   19       3       java.util.ImmutableCollections$AbstractImmutableSet::<init> (5 bytes)
Total: 1

VM state: not at safepoint (normal execution)

VM Mutex/Monitor currently owned by a thread: None

Heap address: 0x0000000080000000, size: 2048 MB, Compressed Oops mode: 32-bit

CDS archive(s) mapped at: [0x000001fc37000000-0x000001fc37ba0000-0x000001fc37ba0000), size 12189696, SharedBaseAddress: 0x000001fc37000000, ArchiveRelocationMode: 1.
Compressed class space mapped at: 0x000001fc38000000-0x000001fc78000000, reserved size: 1073741824
Narrow klass base: 0x000001fc37000000, Narrow klass shift: 0, Narrow klass range: 0x100000000

GC Precious Log:
 CardTable entry size: 512
 CPUs: 8 total, 8 available
 Memory: 16198M
 Large Page Support: Disabled
 NUMA Support: Disabled
 Compressed Oops: Enabled (32-bit)
 Alignments: Space 512K, Generation 512K, Heap 2M
 Heap Min Capacity: 100M
 Heap Initial Capacity: 100M
 Heap Max Capacity: 2G
 Pre-touch: Disabled
 Parallel Workers: 8

Heap:
 PSYoungGen      total 29696K, used 3072K [0x00000000d5580000, 0x00000000d7680000, 0x0000000100000000)
  eden space 25600K, 12% used [0x00000000d5580000,0x00000000d5880218,0x00000000d6e80000)
  from space 4096K, 0% used [0x00000000d7280000,0x00000000d7280000,0x00000000d7680000)
  to   space 4096K, 0% used [0x00000000d6e80000,0x00000000d6e80000,0x00000000d7280000)
 ParOldGen       total 68608K, used 0K [0x0000000080000000, 0x0000000084300000, 0x00000000d5580000)
  object space 68608K, 0% used [0x0000000080000000,0x0000000080000000,0x0000000084300000)
 Metaspace       used 131K, committed 320K, reserved 1114112K
  class space    used 2K, committed 128K, reserved 1048576K

Card table byte_map: [0x000001fc1fbd0000,0x000001fc1ffe0000] _byte_map_base: 0x000001fc1f7d0000

Marking Bits: (ParMarkBitMap*) 0x00007ff8ab19a340
 Begin Bits: [0x000001fc326d0000, 0x000001fc346d0000)
 End Bits:   [0x000001fc346d0000, 0x000001fc366d0000)

Polling page: 0x000001fc1e100000

Metaspace:

Usage:
  Non-class:    128.51 KB used.
      Class:      2.49 KB used.
       Both:    131.00 KB used.

Virtual space:
  Non-class space:       64.00 MB reserved,     192.00 KB ( <1%) committed,  1 nodes.
      Class space:        1.00 GB reserved,     128.00 KB ( <1%) committed,  1 nodes.
             Both:        1.06 GB reserved,     320.00 KB ( <1%) committed. 

Chunk freelists:
   Non-Class:  12.00 MB
       Class:  15.75 MB
        Both:  27.74 MB

MaxMetaspaceSize: unlimited
CompressedClassSpaceSize: 1.00 GB
Initial GC threshold: 21.00 MB
Current GC threshold: 21.00 MB
CDS: on
 - commit_granule_bytes: 65536.
 - commit_granule_words: 8192.
 - virtual_space_node_default_size: 8388608.
 - enlarge_chunks_in_place: 1.
 - use_allocation_guard: 0.


Internal statistics:

num_allocs_failed_limit: 0.
num_arena_births: 6.
num_arena_deaths: 0.
num_vsnodes_births: 2.
num_vsnodes_deaths: 0.
num_space_committed: 5.
num_space_uncommitted: 0.
num_chunks_returned_to_freelist: 0.
num_chunks_taken_from_freelist: 7.
num_chunk_merges: 0.
num_chunk_splits: 5.
num_chunks_enlarged: 2.
num_inconsistent_stats: 0.

CodeHeap 'non-profiled nmethods': size=120000Kb used=22Kb max_used=22Kb free=119977Kb
 bounds [0x000001fc2aef0000, 0x000001fc2b160000, 0x000001fc32420000]
CodeHeap 'profiled nmethods': size=120000Kb used=23Kb max_used=23Kb free=119976Kb
 bounds [0x000001fc23420000, 0x000001fc23690000, 0x000001fc2a950000]
CodeHeap 'non-nmethods': size=5760Kb used=1118Kb max_used=1118Kb free=4641Kb
 bounds [0x000001fc2a950000, 0x000001fc2abc0000, 0x000001fc2aef0000]
CodeCache: size=245760Kb, used=1163Kb, max_used=1163Kb, free=244594Kb
 total_blobs=399, nmethods=41, adapters=265, full_count=0
Compilation: enabled, stopped_count=0, restarted_count=0

Compilation events (20 events):
Event: 0.138 Thread 0x000001fc7957b1e0    9       3       java.lang.StringLatin1::hashCode (52 bytes)
Event: 0.139 Thread 0x000001fc7957b1e0 nmethod 9 0x000001fc23423490 code [0x000001fc23423660, 0x000001fc23423888]
Event: 0.139 Thread 0x000001fc7957b1e0   10       3       java.lang.StringLatin1::equals (36 bytes)
Event: 0.139 Thread 0x000001fc7957b1e0 nmethod 10 0x000001fc23423990 code [0x000001fc23423b40, 0x000001fc23423dd0]
Event: 0.139 Thread 0x000001fc7957b1e0   11       3       java.lang.String::equals (56 bytes)
Event: 0.140 Thread 0x000001fc7957b1e0 nmethod 11 0x000001fc23423f10 code [0x000001fc234240e0, 0x000001fc23424530]
Event: 0.140 Thread 0x000001fc7957b1e0   12       3       java.util.Objects::equals (23 bytes)
Event: 0.140 Thread 0x000001fc36c988a0   13       4       java.lang.Object::<init> (1 bytes)
Event: 0.140 Thread 0x000001fc7957b1e0 nmethod 12 0x000001fc23424610 code [0x000001fc234247c0, 0x000001fc23424a28]
Event: 0.140 Thread 0x000001fc7957b1e0   15       3       java.lang.module.ModuleDescriptor$Exports::<init> (20 bytes)
Event: 0.140 Thread 0x000001fc7957b1e0 nmethod 15 0x000001fc23424b10 code [0x000001fc23424cc0, 0x000001fc23424e68]
Event: 0.140 Thread 0x000001fc7957b1e0   16       3       java.lang.module.ModuleDescriptor::modsHashCode (43 bytes)
Event: 0.140 Thread 0x000001fc36c988a0 nmethod 13 0x000001fc2aef0490 code [0x000001fc2aef0620, 0x000001fc2aef06a8]
Event: 0.140 Thread 0x000001fc36c988a0   14       4       jdk.internal.util.ArraysSupport::signedHashCode (37 bytes)
Event: 0.141 Thread 0x000001fc7957b1e0 nmethod 16 0x000001fc23424f10 code [0x000001fc23425100, 0x000001fc23425650]
Event: 0.141 Thread 0x000001fc7957b1e0   17       3       java.util.Set::of (4 bytes)
Event: 0.141 Thread 0x000001fc7957b1e0 nmethod 17 0x000001fc23425810 code [0x000001fc234259a0, 0x000001fc23425a98]
Event: 0.141 Thread 0x000001fc7957b1e0   18       3       java.util.Objects::requireNonNull (14 bytes)
Event: 0.141 Thread 0x000001fc7957b1e0 nmethod 18 0x000001fc23425b10 code [0x000001fc23425cc0, 0x000001fc23425ea8]
Event: 0.141 Thread 0x000001fc7957b1e0   19       3       java.util.ImmutableCollections$AbstractImmutableSet::<init> (5 bytes)

GC Heap History (0 events):
No events

Dll operation events (1 events):
Event: 0.017 Loaded shared library c:\Users\Attay e Rasool\.vscode\extensions\redhat.java-1.46.0-win32-x64\jre\21.0.8-win32-x86_64\bin\java.dll

Deoptimization events (0 events):
No events

Classes loaded (0 events):
No events

Classes unloaded (0 events):
No events

Classes redefined (0 events):
No events

Internal exceptions (0 events):
No events

ZGC Phase Switch (0 events):
No events

VM Operations (0 events):
No events

Memory protections (0 events):
No events

Nmethod flushes (0 events):
No events

Events (9 events):
Event: 0.034 Thread 0x000001fc2022afe0 Thread added: 0x000001fc2022afe0
Event: 0.095 Thread 0x000001fc2022afe0 Thread added: 0x000001fc36c8db40
Event: 0.095 Thread 0x000001fc2022afe0 Thread added: 0x000001fc36c90350
Event: 0.096 Thread 0x000001fc2022afe0 Thread added: 0x000001fc36c91eb0
Event: 0.096 Thread 0x000001fc2022afe0 Thread added: 0x000001fc36c953f0
Event: 0.096 Thread 0x000001fc2022afe0 Thread added: 0x000001fc36c970d0
Event: 0.096 Thread 0x000001fc2022afe0 Thread added: 0x000001fc36c97b20
Event: 0.096 Thread 0x000001fc2022afe0 Thread added: 0x000001fc36c988a0
Event: 0.117 Thread 0x000001fc2022afe0 Thread added: 0x000001fc7957b1e0


Dynamic libraries:
0x00007ff6dba10000 - 0x00007ff6dba1e000 	c:\Users\Attay e Rasool\.vscode\extensions\redhat.java-1.46.0-win32-x64\jre\21.0.8-win32-x86_64\bin\java.exe
0x00007ff92f0f0000 - 0x00007ff92f308000 	C:\WINDOWS\SYSTEM32\ntdll.dll
0x00007ff92e350000 - 0x00007ff92e414000 	C:\WINDOWS\System32\KERNEL32.DLL
0x00007ff92c830000 - 0x00007ff92cc03000 	C:\WINDOWS\System32\KERNELBASE.dll
0x00007ff92cc40000 - 0x00007ff92cd51000 	C:\WINDOWS\System32\ucrtbase.dll
0x00007ff90fd60000 - 0x00007ff90fd78000 	c:\Users\Attay e Rasool\.vscode\extensions\redhat.java-1.46.0-win32-x64\jre\21.0.8-win32-x86_64\bin\jli.dll
0x00007ff92cf10000 - 0x00007ff92d0c2000 	C:\WINDOWS\System32\USER32.dll
0x00007ff92cd60000 - 0x00007ff92cd86000 	C:\WINDOWS\System32\win32u.dll
0x00007ff92ecc0000 - 0x00007ff92ece9000 	C:\WINDOWS\System32\GDI32.dll
0x00007ff92c270000 - 0x00007ff92c393000 	C:\WINDOWS\System32\gdi32full.dll
0x00007ff92c790000 - 0x00007ff92c82a000 	C:\WINDOWS\System32\msvcp_win.dll
0x00007ff90f950000 - 0x00007ff90f96e000 	c:\Users\Attay e Rasool\.vscode\extensions\redhat.java-1.46.0-win32-x64\jre\21.0.8-win32-x86_64\bin\VCRUNTIME140.dll
0x00007ff913c50000 - 0x00007ff913eec000 	C:\WINDOWS\WinSxS\amd64_microsoft.windows.common-controls_6595b64144ccf1df_6.0.22621.6060_none_2712eda17382d24b\COMCTL32.dll
0x00007ff92d890000 - 0x00007ff92d937000 	C:\WINDOWS\System32\msvcrt.dll
0x00007ff92f070000 - 0x00007ff92f0a1000 	C:\WINDOWS\System32\IMM32.DLL
0x00007ff928380000 - 0x00007ff92838c000 	c:\Users\Attay e Rasool\.vscode\extensions\redhat.java-1.46.0-win32-x64\jre\21.0.8-win32-x86_64\bin\vcruntime140_1.dll
0x00007ff8e4860000 - 0x00007ff8e48ed000 	c:\Users\Attay e Rasool\.vscode\extensions\redhat.java-1.46.0-win32-x64\jre\21.0.8-win32-x86_64\bin\msvcp140.dll
0x00007ff8aa4e0000 - 0x00007ff8ab277000 	c:\Users\Attay e Rasool\.vscode\extensions\redhat.java-1.46.0-win32-x64\jre\21.0.8-win32-x86_64\bin\server\jvm.dll
0x00007ff92ee00000 - 0x00007ff92eeb1000 	C:\WINDOWS\System32\ADVAPI32.dll
0x00007ff92d140000 - 0x00007ff92d1e8000 	C:\WINDOWS\System32\sechost.dll
0x00007ff92cc10000 - 0x00007ff92cc38000 	C:\WINDOWS\System32\bcrypt.dll
0x00007ff92db40000 - 0x00007ff92dc58000 	C:\WINDOWS\System32\RPCRT4.dll
0x00007ff92eec0000 - 0x00007ff92ef31000 	C:\WINDOWS\System32\WS2_32.dll
0x00007ff927520000 - 0x00007ff927554000 	C:\WINDOWS\SYSTEM32\WINMM.dll
0x00007ff92c0c0000 - 0x00007ff92c10d000 	C:\WINDOWS\SYSTEM32\POWRPROF.dll
0x00007ff928510000 - 0x00007ff92851a000 	C:\WINDOWS\SYSTEM32\VERSION.dll
0x00007ff92c0a0000 - 0x00007ff92c0b3000 	C:\WINDOWS\SYSTEM32\UMPDC.dll
0x00007ff92b180000 - 0x00007ff92b198000 	C:\WINDOWS\SYSTEM32\kernel.appcore.dll
0x00007ff9282a0000 - 0x00007ff9282aa000 	c:\Users\Attay e Rasool\.vscode\extensions\redhat.java-1.46.0-win32-x64\jre\21.0.8-win32-x86_64\bin\jimage.dll
0x00007ff924a30000 - 0x00007ff924c63000 	C:\WINDOWS\SYSTEM32\DBGHELP.DLL
0x00007ff92dfb0000 - 0x00007ff92e342000 	C:\WINDOWS\System32\combase.dll
0x00007ff92d680000 - 0x00007ff92d758000 	C:\WINDOWS\System32\OLEAUT32.dll
0x00007ff91f190000 - 0x00007ff91f1c2000 	C:\WINDOWS\SYSTEM32\dbgcore.DLL
0x00007ff92c650000 - 0x00007ff92c6cb000 	C:\WINDOWS\System32\bcryptPrimitives.dll
0x00007ff9262f0000 - 0x00007ff9262ff000 	c:\Users\Attay e Rasool\.vscode\extensions\redhat.java-1.46.0-win32-x64\jre\21.0.8-win32-x86_64\bin\instrument.dll
0x00007ff90bfd0000 - 0x00007ff90bfef000 	c:\Users\Attay e Rasool\.vscode\extensions\redhat.java-1.46.0-win32-x64\jre\21.0.8-win32-x86_64\bin\java.dll
0x00007ff92e420000 - 0x00007ff92ecbe000 	C:\WINDOWS\System32\SHELL32.dll
0x00007ff92c510000 - 0x00007ff92c64f000 	C:\WINDOWS\System32\wintypes.dll
0x00007ff92a080000 - 0x00007ff92a998000 	C:\WINDOWS\SYSTEM32\windows.storage.dll
0x00007ff92ecf0000 - 0x00007ff92edf4000 	C:\WINDOWS\System32\SHCORE.dll
0x00007ff92d0d0000 - 0x00007ff92d139000 	C:\WINDOWS\System32\shlwapi.dll
0x00007ff92c120000 - 0x00007ff92c145000 	C:\WINDOWS\SYSTEM32\profapi.dll

JVMTI agents:
c:\Users\Attay e Rasool\.vscode\extensions\redhat.java-1.46.0-win32-x64\lombok\lombok-1.18.39-4050.jar path:none, loaded, not initialized, instrumentlib options:none

dbghelp: loaded successfully - version: 4.0.5 - missing functions: none
symbol engine: initialized successfully - sym options: 0x614 - pdb path: .;c:\Users\Attay e Rasool\.vscode\extensions\redhat.java-1.46.0-win32-x64\jre\21.0.8-win32-x86_64\bin;C:\WINDOWS\SYSTEM32;C:\WINDOWS\WinSxS\amd64_microsoft.windows.common-controls_6595b64144ccf1df_6.0.22621.6060_none_2712eda17382d24b;c:\Users\Attay e Rasool\.vscode\extensions\redhat.java-1.46.0-win32-x64\jre\21.0.8-win32-x86_64\bin\server

VM Arguments:
jvm_args: --add-modules=ALL-SYSTEM --add-opens=java.base/java.util=ALL-UNNAMED --add-opens=java.base/java.lang=ALL-UNNAMED --add-opens=java.base/sun.nio.fs=ALL-UNNAMED -Declipse.application=org.eclipse.jdt.ls.core.id1 -Dosgi.bundles.defaultStartLevel=4 -Declipse.product=org.eclipse.jdt.ls.core.product -Djava.import.generatesMetadataFilesAtProjectRoot=false -DDetectVMInstallationsJob.disabled=true -Dfile.encoding=utf8 -XX:+UseParallelGC -XX:GCTimeRatio=4 -XX:AdaptiveSizePolicyWeight=90 -Dsun.zip.disableMemoryMapping=true -Xmx2G -Xms100m -Xlog:disable -javaagent:c:\Users\Attay e Rasool\.vscode\extensions\redhat.java-1.46.0-win32-x64\lombok\lombok-1.18.39-4050.jar -XX:+HeapDumpOnOutOfMemoryError -XX:HeapDumpPath=c:\Users\Attay e Rasool\AppData\Roaming\Code\User\workspaceStorage\69a268bd1780d7624e92815446c72e55\redhat.java -Daether.dependencyCollector.impl=bf 
java_command: c:\Users\Attay e Rasool\.vscode\extensions\redhat.java-1.46.0-win32-x64\server\plugins\org.eclipse.equinox.launcher_1.7.0.v20250519-0528.jar -configuration c:\Users\Attay e Rasool\AppData\Roaming\Code\User\globalStorage\redhat.java\1.46.0\config_win -data c:\Users\Attay e Rasool\AppData\Roaming\Code\User\workspaceStorage\69a268bd1780d7624e92815446c72e55\redhat.java\jdt_ws --pipe=\\.\pipe\lsp-dccefa7bcb7cca7e23561465399f4208-sock
java_class_path (initial): c:\Users\Attay e Rasool\.vscode\extensions\redhat.java-1.46.0-win32-x64\server\plugins\org.eclipse.equinox.launcher_1.7.0.v20250519-0528.jar
Launcher Type: SUN_STANDARD

[Global flags]
    uintx AdaptiveSizePolicyWeight                 = 90                                        {product} {command line}
     intx CICompilerCount                          = 4                                         {product} {ergonomic}
    uintx GCTimeRatio                              = 4                                         {product} {command line}
     bool HeapDumpOnOutOfMemoryError               = true                                   {manageable} {command line}
    ccstr HeapDumpPath                             = c:\Users\Attay e Rasool\AppData\Roaming\Code\User\workspaceStorage\69a268bd1780d7624e92815446c72e55\redhat.java         {manageable} {command line}
   size_t InitialHeapSize                          = 104857600                                 {product} {command line}
   size_t MaxHeapSize                              = 2147483648                                {product} {command line}
   size_t MaxNewSize                               = 715653120                                 {product} {ergonomic}
   size_t MinHeapDeltaBytes                        = 524288                                    {product} {ergonomic}
   size_t MinHeapSize                              = 104857600                                 {product} {command line}
   size_t NewSize                                  = 34603008                                  {product} {ergonomic}
    uintx NonNMethodCodeHeapSize                   = 5839372                                {pd product} {ergonomic}
    uintx NonProfiledCodeHeapSize                  = 122909434                              {pd product} {ergonomic}
   size_t OldSize                                  = 70254592                                  {product} {ergonomic}
    uintx ProfiledCodeHeapSize                     = 122909434                              {pd product} {ergonomic}
    uintx ReservedCodeCacheSize                    = 251658240                              {pd product} {ergonomic}
     bool SegmentedCodeCache                       = true                                      {product} {ergonomic}
   size_t SoftMaxHeapSize                          = 2147483648                             {manageable} {ergonomic}
     bool UseCompressedOops                        = true                           {product lp64_product} {ergonomic}
     bool UseLargePagesIndividualAllocation        = false                                  {pd product} {ergonomic}
     bool UseParallelGC                            = true                                      {product} {command line}

Logging:
Log output configuration:
 #0: stdout all=off uptime,level,tags foldmultilines=false
 #1: stderr all=off uptime,level,tags foldmultilines=false

Environment Variables:
JAVA_HOME=C:\Program Files\Microsoft\jdk-17.0.14.7-hotspot\
PATH=C:\Program Files\Microsoft\jdk-17.0.14.7-hotspot\bin;C:\Program Files\FireDaemon OpenSSL 3\bin\;%PATH%;C:\ProgramData\chocolatey\bin;C:\Program Files\nodejs;C:\Users\Attay e Rasool\AppData\Local\Android\Sdk\platform-tools;C:\Program Files\Git\cmd;C:\Program Files\dotnet\;C:\Program Files\nodejs\;C:\Program Files\Microsoft\jdk-17.0.14.7-hotspot\\bin;C:\Program Files\cursor\resources\app\bin;C:\Users\Attay e Rasool\AppData\Local\Microsoft\WindowsApps;C:\Users\Attay e Rasool\AppData\Local\Programs\Microsoft VS Code\bin;C:\flutter\bin;C:\Program Files\FireDaemon OpenSSL 3\bin;C:\Windows\System32\WindowsPowerShell\v1.0\;C:\Users\Attay e Rasool\AppData\Roaming\npm;C:\Users\Attay e Rasool\AppData\Local\Android\Sdk\platform-tools;C:\Program Files\Microsoft\jdk-17.0.14.7-hotspot\\bin
USERNAME=Attay e Rasool
OS=Windows_NT
PROCESSOR_IDENTIFIER=Intel64 Family 6 Model 142 Stepping 12, GenuineIntel
TMP=C:\Users\ATTAYE~1\AppData\Local\Temp
TEMP=C:\Users\ATTAYE~1\AppData\Local\Temp




Periodic native trim disabled

---------------  S Y S T E M  ---------------

OS:
 Windows 11 , 64 bit Build 22621 (10.0.22621.5415)
OS uptime: 9 days 16:53 hours
Hyper-V role detected

CPU: total 8 (initial active 8) (4 cores per cpu, 2 threads per core) family 6 model 142 stepping 12 microcode 0xde, cx8, cmov, fxsr, ht, mmx, 3dnowpref, sse, sse2, sse3, ssse3, sse4.1, sse4.2, popcnt, lzcnt, tsc, tscinvbit, avx, avx2, aes, erms, clmul, bmi1, bmi2, adx, fma, vzeroupper, clflush, clflushopt, hv, rdtscp, f16c
Processor Information for the first 8 processors :
  Max Mhz: 2112, Current Mhz: 1910, Mhz Limit: 1900

Memory: 4k page, system-wide physical 16198M (383M free)
TotalPageFile size 35263M (AvailPageFile size 0M)
current process WorkingSet (physical memory assigned to process): 32M, peak: 32M
current process commit charge ("private bytes"): 220M, peak: 220M

vm_info: OpenJDK 64-Bit Server VM (21.0.8+9-LTS) for windows-amd64 JRE (21.0.8+9-LTS), built on 2025-07-15T00:00:00Z by "admin" with MS VC++ 17.7 (VS2022)

END.
